<?xml version="1.0" encoding="UTF-8"?>
<!-- Generated by org.testng.reporters.JUnitReportReporter -->
<testsuite skipped="0" hostname="DESKTOP-01THEB1" name="com.craftsvilla.testscripts.SignInModuleScripts" tests="1" failures="0" timestamp="10 Oct 2020 16:08:00 GMT" time="73.412" errors="0">
  <testcase name="tc_01_signInWithUserCredentials" time="73.412" classname="com.craftsvilla.testscripts.SignInModuleScripts"/>
</testsuite> <!-- com.craftsvilla.testscripts.SignInModuleScripts -->
